<?xml version="1.0" encoding="UTF-8"?>
<coverage generated="1660154376627" clover="3.2.0">
  <project timestamp="1660154376627" name="All files">
    <metrics statements="48" coveredstatements="27" conditionals="10" coveredconditionals="4" methods="30" coveredmethods="12" elements="88" coveredelements="43" complexity="0" loc="48" ncloc="48" packages="4" files="7" classes="7"/>
    <package name="ReactNativeTest">
      <metrics statements="31" coveredstatements="10" conditionals="8" coveredconditionals="2" methods="19" coveredmethods="1"/>
      <file name="App.js" path="C:\Users\david\Desktop\TYB\ReactNativeTest\App.js">
        <metrics statements="31" coveredstatements="10" conditionals="8" coveredconditionals="2" methods="19" coveredmethods="1"/>
        <line num="11" count="1" type="stmt"/>
        <line num="12" count="1" type="stmt"/>
        <line num="13" count="1" type="stmt"/>
        <line num="14" count="1" type="stmt"/>
        <line num="15" count="1" type="stmt"/>
        <line num="17" count="1" type="stmt"/>
        <line num="18" count="0" type="cond" truecount="0" falsecount="2"/>
        <line num="19" count="0" type="stmt"/>
        <line num="21" count="0" type="stmt"/>
        <line num="22" count="0" type="stmt"/>
        <line num="23" count="0" type="stmt"/>
        <line num="25" count="0" type="stmt"/>
        <line num="26" count="0" type="stmt"/>
        <line num="27" count="0" type="stmt"/>
        <line num="28" count="0" type="stmt"/>
        <line num="31" count="1" type="stmt"/>
        <line num="32" count="0" type="stmt"/>
        <line num="33" count="0" type="stmt"/>
        <line num="34" count="0" type="stmt"/>
        <line num="35" count="0" type="stmt"/>
        <line num="37" count="0" type="cond" truecount="0" falsecount="2"/>
        <line num="38" count="0" type="stmt"/>
        <line num="43" count="1" type="stmt"/>
        <line num="44" count="0" type="stmt"/>
        <line num="47" count="1" type="stmt"/>
        <line num="48" count="0" type="stmt"/>
        <line num="51" count="1" type="stmt"/>
        <line num="59" count="0" type="stmt"/>
        <line num="60" count="0" type="stmt"/>
        <line num="73" count="0" type="stmt"/>
        <line num="78" count="0" type="stmt"/>
      </file>
    </package>
    <package name="ReactNativeTest.src">
      <metrics statements="6" coveredstatements="6" conditionals="2" coveredconditionals="2" methods="4" coveredmethods="4"/>
      <file name="utils.js" path="C:\Users\david\Desktop\TYB\ReactNativeTest\src\utils.js">
        <metrics statements="6" coveredstatements="6" conditionals="2" coveredconditionals="2" methods="4" coveredmethods="4"/>
        <line num="1" count="4" type="stmt"/>
        <line num="11" count="4" type="stmt"/>
        <line num="13" count="4" type="stmt"/>
        <line num="17" count="8" type="stmt"/>
        <line num="19" count="16" type="stmt"/>
        <line num="29" count="32" type="stmt"/>
      </file>
    </package>
    <package name="ReactNativeTest.src.components">
      <metrics statements="8" coveredstatements="8" conditionals="0" coveredconditionals="0" methods="7" coveredmethods="7"/>
      <file name="PokeCard.js" path="C:\Users\david\Desktop\TYB\ReactNativeTest\src\components\PokeCard.js">
        <metrics statements="2" coveredstatements="2" conditionals="0" coveredconditionals="0" methods="2" coveredmethods="2"/>
        <line num="7" count="2" type="stmt"/>
        <line num="8" count="1" type="stmt"/>
      </file>
      <file name="PokeDetails.js" path="C:\Users\david\Desktop\TYB\ReactNativeTest\src\components\PokeDetails.js">
        <metrics statements="6" coveredstatements="6" conditionals="0" coveredconditionals="0" methods="5" coveredmethods="5"/>
        <line num="8" count="4" type="stmt"/>
        <line num="9" count="8" type="stmt"/>
        <line num="10" count="2" type="stmt"/>
        <line num="11" count="8" type="stmt"/>
        <line num="18" count="2" type="stmt"/>
        <line num="20" count="1" type="stmt"/>
      </file>
    </package>
    <package name="ReactNativeTest.src.styles">
      <metrics statements="3" coveredstatements="3" conditionals="0" coveredconditionals="0" methods="0" coveredmethods="0"/>
      <file name="App.js" path="C:\Users\david\Desktop\TYB\ReactNativeTest\src\styles\App.js">
        <metrics statements="1" coveredstatements="1" conditionals="0" coveredconditionals="0" methods="0" coveredmethods="0"/>
        <line num="3" count="1" type="stmt"/>
      </file>
      <file name="PokeCard.js" path="C:\Users\david\Desktop\TYB\ReactNativeTest\src\styles\PokeCard.js">
        <metrics statements="1" coveredstatements="1" conditionals="0" coveredconditionals="0" methods="0" coveredmethods="0"/>
        <line num="3" count="2" type="stmt"/>
      </file>
      <file name="PokeDetails.js" path="C:\Users\david\Desktop\TYB\ReactNativeTest\src\styles\PokeDetails.js">
        <metrics statements="1" coveredstatements="1" conditionals="0" coveredconditionals="0" methods="0" coveredmethods="0"/>
        <line num="4" count="2" type="stmt"/>
      </file>
    </package>
  </project>
</coverage>
