{"C:\\Users\\david\\Desktop\\TYB\\ReactNativeTest\\App.js": {"path":"C:\\Users\\david\\Desktop\\TYB\\ReactNativeTest\\App.js","statementMap":{"0":{"start":{"line":11,"column":32},"end":{"line":11,"column":44}},"1":{"start":{"line":12,"column":26},"end":{"line":12,"column":38}},"2":{"start":{"line":13,"column":26},"end":{"line":13,"column":38}},"3":{"start":{"line":14,"column":48},"end":{"line":14,"column":62}},"4":{"start":{"line":15,"column":30},"end":{"line":15,"column":42}},"5":{"start":{"line":17,"column":25},"end":{"line":29,"column":3}},"6":{"start":{"line":18,"column":4},"end":{"line":18,"column":21}},"7":{"start":{"line":18,"column":14},"end":{"line":18,"column":21}},"8":{"start":{"line":19,"column":4},"end":{"line":28,"column":46}},"9":{"start":{"line":21,"column":8},"end":{"line":21,"column":31}},"10":{"start":{"line":22,"column":8},"end":{"line":22,"column":35}},"11":{"start":{"line":23,"column":8},"end":{"line":23,"column":31}},"12":{"start":{"line":25,"column":23},"end":{"line":25,"column":80}},"13":{"start":{"line":25,"column":57},"end":{"line":25,"column":78}},"14":{"start":{"line":26,"column":23},"end":{"line":26,"column":77}},"15":{"start":{"line":26,"column":47},"end":{"line":26,"column":76}},"16":{"start":{"line":27,"column":28},"end":{"line":27,"column":52}},"17":{"start":{"line":28,"column":20},"end":{"line":28,"column":45}},"18":{"start":{"line":31,"column":24},"end":{"line":41,"column":3}},"19":{"start":{"line":32,"column":4},"end":{"line":32,"column":44}},"20":{"start":{"line":33,"column":4},"end":{"line":40,"column":8}},"21":{"start":{"line":34,"column":19},"end":{"line":34,"column":43}},"22":{"start":{"line":35,"column":24},"end":{"line":35,"column":52}},"23":{"start":{"line":37,"column":8},"end":{"line":39,"column":9}},"24":{"start":{"line":38,"column":10},"end":{"line":38,"column":99}},"25":{"start":{"line":43,"column":2},"end":{"line":45,"column":36}},"26":{"start":{"line":44,"column":4},"end":{"line":44,"column":56}},"27":{"start":{"line":47,"column":20},"end":{"line":49,"column":3}},"28":{"start":{"line":48,"column":4},"end":{"line":48,"column":84}},"29":{"start":{"line":51,"column":2},"end":{"line":84,"column":4}},"30":{"start":{"line":59,"column":34},"end":{"line":59,"column":49}},"31":{"start":{"line":60,"column":32},"end":{"line":60,"column":53}},"32":{"start":{"line":73,"column":25},"end":{"line":73,"column":45}},"33":{"start":{"line":78,"column":25},"end":{"line":78,"column":45}}},"fnMap":{"0":{"name":"App","decl":{"start":{"line":10,"column":24},"end":{"line":10,"column":27}},"loc":{"start":{"line":10,"column":30},"end":{"line":85,"column":1}},"line":10},"1":{"name":"(anonymous_1)","decl":{"start":{"line":17,"column":25},"end":{"line":17,"column":26}},"loc":{"start":{"line":17,"column":32},"end":{"line":29,"column":3}},"line":17},"2":{"name":"(anonymous_2)","decl":{"start":{"line":20,"column":12},"end":{"line":20,"column":13}},"loc":{"start":{"line":20,"column":19},"end":{"line":24,"column":7}},"line":20},"3":{"name":"(anonymous_3)","decl":{"start":{"line":25,"column":12},"end":{"line":25,"column":13}},"loc":{"start":{"line":25,"column":23},"end":{"line":25,"column":80}},"line":25},"4":{"name":"(anonymous_4)","decl":{"start":{"line":25,"column":47},"end":{"line":25,"column":48}},"loc":{"start":{"line":25,"column":57},"end":{"line":25,"column":78}},"line":25},"5":{"name":"(anonymous_5)","decl":{"start":{"line":26,"column":12},"end":{"line":26,"column":13}},"loc":{"start":{"line":26,"column":23},"end":{"line":26,"column":77}},"line":26},"6":{"name":"(anonymous_6)","decl":{"start":{"line":26,"column":35},"end":{"line":26,"column":36}},"loc":{"start":{"line":26,"column":47},"end":{"line":26,"column":76}},"line":26},"7":{"name":"(anonymous_7)","decl":{"start":{"line":27,"column":12},"end":{"line":27,"column":13}},"loc":{"start":{"line":27,"column":28},"end":{"line":27,"column":52}},"line":27},"8":{"name":"(anonymous_8)","decl":{"start":{"line":28,"column":13},"end":{"line":28,"column":14}},"loc":{"start":{"line":28,"column":20},"end":{"line":28,"column":45}},"line":28},"9":{"name":"(anonymous_9)","decl":{"start":{"line":31,"column":24},"end":{"line":31,"column":25}},"loc":{"start":{"line":31,"column":39},"end":{"line":41,"column":3}},"line":31},"10":{"name":"(anonymous_10)","decl":{"start":{"line":34,"column":12},"end":{"line":34,"column":13}},"loc":{"start":{"line":34,"column":19},"end":{"line":34,"column":43}},"line":34},"11":{"name":"(anonymous_11)","decl":{"start":{"line":35,"column":12},"end":{"line":35,"column":13}},"loc":{"start":{"line":35,"column":24},"end":{"line":35,"column":52}},"line":35},"12":{"name":"(anonymous_12)","decl":{"start":{"line":36,"column":13},"end":{"line":36,"column":14}},"loc":{"start":{"line":36,"column":20},"end":{"line":40,"column":7}},"line":36},"13":{"name":"(anonymous_13)","decl":{"start":{"line":43,"column":12},"end":{"line":43,"column":13}},"loc":{"start":{"line":43,"column":18},"end":{"line":45,"column":3}},"line":43},"14":{"name":"(anonymous_14)","decl":{"start":{"line":47,"column":32},"end":{"line":47,"column":33}},"loc":{"start":{"line":48,"column":4},"end":{"line":48,"column":84}},"line":48},"15":{"name":"(anonymous_15)","decl":{"start":{"line":59,"column":26},"end":{"line":59,"column":27}},"loc":{"start":{"line":59,"column":34},"end":{"line":59,"column":49}},"line":59},"16":{"name":"(anonymous_16)","decl":{"start":{"line":60,"column":26},"end":{"line":60,"column":27}},"loc":{"start":{"line":60,"column":32},"end":{"line":60,"column":53}},"line":60},"17":{"name":"(anonymous_17)","decl":{"start":{"line":73,"column":19},"end":{"line":73,"column":20}},"loc":{"start":{"line":73,"column":25},"end":{"line":73,"column":45}},"line":73},"18":{"name":"(anonymous_18)","decl":{"start":{"line":78,"column":19},"end":{"line":78,"column":20}},"loc":{"start":{"line":78,"column":25},"end":{"line":78,"column":45}},"line":78}},"branchMap":{"0":{"loc":{"start":{"line":18,"column":4},"end":{"line":18,"column":21}},"type":"if","locations":[{"start":{"line":18,"column":4},"end":{"line":18,"column":21}},{"start":{},"end":{}}],"line":18},"1":{"loc":{"start":{"line":37,"column":8},"end":{"line":39,"column":9}},"type":"if","locations":[{"start":{"line":37,"column":8},"end":{"line":39,"column":9}},{"start":{},"end":{}}],"line":37},"2":{"loc":{"start":{"line":55,"column":21},"end":{"line":55,"column":72}},"type":"cond-expr","locations":[{"start":{"line":55,"column":39},"end":{"line":55,"column":65}},{"start":{"line":55,"column":68},"end":{"line":55,"column":72}}],"line":55},"3":{"loc":{"start":{"line":65,"column":9},"end":{"line":69,"column":16}},"type":"cond-expr","locations":[{"start":{"line":66,"column":10},"end":{"line":68,"column":17}},{"start":{"line":69,"column":12},"end":{"line":69,"column":16}}],"line":65}},"s":{"0":1,"1":1,"2":1,"3":1,"4":1,"5":1,"6":0,"7":0,"8":0,"9":0,"10":0,"11":0,"12":0,"13":0,"14":0,"15":0,"16":0,"17":0,"18":1,"19":0,"20":0,"21":0,"22":0,"23":0,"24":0,"25":1,"26":0,"27":1,"28":0,"29":1,"30":0,"31":0,"32":0,"33":0},"f":{"0":1,"1":0,"2":0,"3":0,"4":0,"5":0,"6":0,"7":0,"8":0,"9":0,"10":0,"11":0,"12":0,"13":0,"14":0,"15":0,"16":0,"17":0,"18":0},"b":{"0":[0,0],"1":[0,0],"2":[0,1],"3":[0,1]},"_coverageSchema":"1a1c01bbd47fc00a2c39e90264f33305004495a9","hash":"d9021df366540891d2a8771b071e9092092774e8"}
,"C:\\Users\\david\\Desktop\\TYB\\ReactNativeTest\\src\\utils.js": {"path":"C:\\Users\\david\\Desktop\\TYB\\ReactNativeTest\\src\\utils.js","statementMap":{"0":{"start":{"line":1,"column":30},"end":{"line":31,"column":1}},"1":{"start":{"line":11,"column":8},"end":{"line":11,"column":24}},"2":{"start":{"line":13,"column":4},"end":{"line":30,"column":5}},"3":{"start":{"line":17,"column":42},"end":{"line":17,"column":56}},"4":{"start":{"line":19,"column":54},"end":{"line":19,"column":68}},"5":{"start":{"line":29,"column":23},"end":{"line":29,"column":33}}},"fnMap":{"0":{"name":"(anonymous_0)","decl":{"start":{"line":1,"column":30},"end":{"line":1,"column":31}},"loc":{"start":{"line":1,"column":42},"end":{"line":31,"column":1}},"line":1},"1":{"name":"(anonymous_1)","decl":{"start":{"line":17,"column":34},"end":{"line":17,"column":35}},"loc":{"start":{"line":17,"column":42},"end":{"line":17,"column":56}},"line":17},"2":{"name":"(anonymous_2)","decl":{"start":{"line":19,"column":46},"end":{"line":19,"column":47}},"loc":{"start":{"line":19,"column":54},"end":{"line":19,"column":68}},"line":19},"3":{"name":"(anonymous_3)","decl":{"start":{"line":29,"column":17},"end":{"line":29,"column":18}},"loc":{"start":{"line":29,"column":23},"end":{"line":29,"column":33}},"line":29}},"branchMap":{"0":{"loc":{"start":{"line":16,"column":18},"end":{"line":16,"column":81}},"type":"binary-expr","locations":[{"start":{"line":16,"column":18},"end":{"line":16,"column":75}},{"start":{"line":16,"column":79},"end":{"line":16,"column":81}}],"line":16}},"s":{"0":4,"1":4,"2":4,"3":8,"4":16,"5":32},"f":{"0":4,"1":8,"2":16,"3":32},"b":{"0":[4,1]},"_coverageSchema":"1a1c01bbd47fc00a2c39e90264f33305004495a9","hash":"de779d36628036a6de41faf376a25bc30ba500c5"}
,"C:\\Users\\david\\Desktop\\TYB\\ReactNativeTest\\src\\components\\PokeCard.js": {"path":"C:\\Users\\david\\Desktop\\TYB\\ReactNativeTest\\src\\components\\PokeCard.js","statementMap":{"0":{"start":{"line":7,"column":4},"end":{"line":17,"column":5}},"1":{"start":{"line":8,"column":70},"end":{"line":8,"column":98}}},"fnMap":{"0":{"name":"(anonymous_0)","decl":{"start":{"line":6,"column":15},"end":{"line":6,"column":16}},"loc":{"start":{"line":6,"column":53},"end":{"line":18,"column":1}},"line":6},"1":{"name":"(anonymous_1)","decl":{"start":{"line":8,"column":64},"end":{"line":8,"column":65}},"loc":{"start":{"line":8,"column":70},"end":{"line":8,"column":98}},"line":8}},"branchMap":{},"s":{"0":2,"1":1},"f":{"0":2,"1":1},"b":{},"_coverageSchema":"1a1c01bbd47fc00a2c39e90264f33305004495a9","hash":"22f52a1222b80635b03436254e2f1d8d6a7e1397"}
,"C:\\Users\\david\\Desktop\\TYB\\ReactNativeTest\\src\\components\\PokeDetails.js": {"path":"C:\\Users\\david\\Desktop\\TYB\\ReactNativeTest\\src\\components\\PokeDetails.js","statementMap":{"0":{"start":{"line":8,"column":18},"end":{"line":8,"column":77}},"1":{"start":{"line":8,"column":56},"end":{"line":8,"column":72}},"2":{"start":{"line":9,"column":18},"end":{"line":9,"column":77}},"3":{"start":{"line":9,"column":56},"end":{"line":9,"column":72}},"4":{"start":{"line":10,"column":20},"end":{"line":16,"column":5}},"5":{"start":{"line":11,"column":8},"end":{"line":15,"column":10}},"6":{"start":{"line":18,"column":4},"end":{"line":44,"column":5}},"7":{"start":{"line":20,"column":73},"end":{"line":20,"column":97}}},"fnMap":{"0":{"name":"(anonymous_0)","decl":{"start":{"line":6,"column":15},"end":{"line":6,"column":16}},"loc":{"start":{"line":6,"column":53},"end":{"line":45,"column":1}},"line":6},"1":{"name":"(anonymous_1)","decl":{"start":{"line":8,"column":41},"end":{"line":8,"column":42}},"loc":{"start":{"line":8,"column":56},"end":{"line":8,"column":72}},"line":8},"2":{"name":"(anonymous_2)","decl":{"start":{"line":9,"column":41},"end":{"line":9,"column":42}},"loc":{"start":{"line":9,"column":56},"end":{"line":9,"column":72}},"line":9},"3":{"name":"(anonymous_3)","decl":{"start":{"line":10,"column":42},"end":{"line":10,"column":43}},"loc":{"start":{"line":11,"column":8},"end":{"line":15,"column":10}},"line":11},"4":{"name":"(anonymous_4)","decl":{"start":{"line":20,"column":67},"end":{"line":20,"column":68}},"loc":{"start":{"line":20,"column":73},"end":{"line":20,"column":97}},"line":20}},"branchMap":{},"s":{"0":2,"1":4,"2":2,"3":8,"4":2,"5":8,"6":2,"7":1},"f":{"0":2,"1":4,"2":8,"3":8,"4":1},"b":{},"_coverageSchema":"1a1c01bbd47fc00a2c39e90264f33305004495a9","hash":"a09f5036ad37afe00616c7d6274ed6286aca5ecd"}
,"C:\\Users\\david\\Desktop\\TYB\\ReactNativeTest\\src\\styles\\App.js": {"path":"C:\\Users\\david\\Desktop\\TYB\\ReactNativeTest\\src\\styles\\App.js","statementMap":{"0":{"start":{"line":3,"column":15},"end":{"line":44,"column":2}}},"fnMap":{},"branchMap":{},"s":{"0":1},"f":{},"b":{},"_coverageSchema":"1a1c01bbd47fc00a2c39e90264f33305004495a9","hash":"9463d29363f56e4220def2f803a5982682132f9b"}
,"C:\\Users\\david\\Desktop\\TYB\\ReactNativeTest\\src\\styles\\PokeCard.js": {"path":"C:\\Users\\david\\Desktop\\TYB\\ReactNativeTest\\src\\styles\\PokeCard.js","statementMap":{"0":{"start":{"line":3,"column":15},"end":{"line":10,"column":2}}},"fnMap":{},"branchMap":{},"s":{"0":2},"f":{},"b":{},"_coverageSchema":"1a1c01bbd47fc00a2c39e90264f33305004495a9","hash":"f3ededd3840c5ef055d74d62c5a8d727d46622ad"}
,"C:\\Users\\david\\Desktop\\TYB\\ReactNativeTest\\src\\styles\\PokeDetails.js": {"path":"C:\\Users\\david\\Desktop\\TYB\\ReactNativeTest\\src\\styles\\PokeDetails.js","statementMap":{"0":{"start":{"line":4,"column":15},"end":{"line":23,"column":2}}},"fnMap":{},"branchMap":{},"s":{"0":2},"f":{},"b":{},"_coverageSchema":"1a1c01bbd47fc00a2c39e90264f33305004495a9","hash":"74f7d836fd6e6b1bb321b290e8f481d614439d8f"}
}
