TN:
SF:App.js
FN:10,App
FN:17,(anonymous_1)
FN:20,(anonymous_2)
FN:25,(anonymous_3)
FN:25,(anonymous_4)
FN:26,(anonymous_5)
FN:26,(anonymous_6)
FN:27,(anonymous_7)
FN:28,(anonymous_8)
FN:31,(anonymous_9)
FN:34,(anonymous_10)
FN:35,(anonymous_11)
FN:36,(anonymous_12)
FN:43,(anonymous_13)
FN:47,(anonymous_14)
FN:59,(anonymous_15)
FN:60,(anonymous_16)
FN:73,(anonymous_17)
FN:78,(anonymous_18)
FNF:19
FNH:1
FNDA:1,App
FNDA:0,(anonymous_1)
FNDA:0,(anonymous_2)
FNDA:0,(anonymous_3)
FNDA:0,(anonymous_4)
FNDA:0,(anonymous_5)
FNDA:0,(anonymous_6)
FNDA:0,(anonymous_7)
FNDA:0,(anonymous_8)
FNDA:0,(anonymous_9)
FNDA:0,(anonymous_10)
FNDA:0,(anonymous_11)
FNDA:0,(anonymous_12)
FNDA:0,(anonymous_13)
FNDA:0,(anonymous_14)
FNDA:0,(anonymous_15)
FNDA:0,(anonymous_16)
FNDA:0,(anonymous_17)
FNDA:0,(anonymous_18)
DA:11,1
DA:12,1
DA:13,1
DA:14,1
DA:15,1
DA:17,1
DA:18,0
DA:19,0
DA:21,0
DA:22,0
DA:23,0
DA:25,0
DA:26,0
DA:27,0
DA:28,0
DA:31,1
DA:32,0
DA:33,0
DA:34,0
DA:35,0
DA:37,0
DA:38,0
DA:43,1
DA:44,0
DA:47,1
DA:48,0
DA:51,1
DA:59,0
DA:60,0
DA:73,0
DA:78,0
LF:31
LH:10
BRDA:18,0,0,0
BRDA:18,0,1,0
BRDA:37,1,0,0
BRDA:37,1,1,0
BRDA:55,2,0,0
BRDA:55,2,1,1
BRDA:65,3,0,0
BRDA:65,3,1,1
BRF:8
BRH:2
end_of_record
TN:
SF:src\utils.js
FN:1,(anonymous_0)
FN:17,(anonymous_1)
FN:19,(anonymous_2)
FN:29,(anonymous_3)
FNF:4
FNH:4
FNDA:4,(anonymous_0)
FNDA:8,(anonymous_1)
FNDA:16,(anonymous_2)
FNDA:32,(anonymous_3)
DA:1,4
DA:11,4
DA:13,4
DA:17,8
DA:19,16
DA:29,32
LF:6
LH:6
BRDA:16,0,0,4
BRDA:16,0,1,1
BRF:2
BRH:2
end_of_record
TN:
SF:src\components\PokeCard.js
FN:6,(anonymous_0)
FN:8,(anonymous_1)
FNF:2
FNH:2
FNDA:2,(anonymous_0)
FNDA:1,(anonymous_1)
DA:7,2
DA:8,1
LF:2
LH:2
BRF:0
BRH:0
end_of_record
TN:
SF:src\components\PokeDetails.js
FN:6,(anonymous_0)
FN:8,(anonymous_1)
FN:9,(anonymous_2)
FN:10,(anonymous_3)
FN:20,(anonymous_4)
FNF:5
FNH:5
FNDA:2,(anonymous_0)
FNDA:4,(anonymous_1)
FNDA:8,(anonymous_2)
FNDA:8,(anonymous_3)
FNDA:1,(anonymous_4)
DA:8,4
DA:9,8
DA:10,2
DA:11,8
DA:18,2
DA:20,1
LF:6
LH:6
BRF:0
BRH:0
end_of_record
TN:
SF:src\styles\App.js
FNF:0
FNH:0
DA:3,1
LF:1
LH:1
BRF:0
BRH:0
end_of_record
TN:
SF:src\styles\PokeCard.js
FNF:0
FNH:0
DA:3,2
LF:1
LH:1
BRF:0
BRH:0
end_of_record
TN:
SF:src\styles\PokeDetails.js
FNF:0
FNH:0
DA:4,2
LF:1
LH:1
BRF:0
BRH:0
end_of_record
